{"message":"Connected on port 3000","level":"info","timestamp":"2021-05-18T15:16:44.411Z"}
{"message":"Connected on port 3000","level":"info","timestamp":"2021-05-18T15:16:48.292Z"}
{"message":"Connected on port 3000","level":"info","timestamp":"2021-05-18T16:37:56.658Z"}
{"message":"Connected on port 3000","level":"info","timestamp":"2021-05-18T17:15:45.411Z"}
{"message":"Connected on port 4000","level":"info","timestamp":"2021-05-18T18:39:31.385Z"}
{"message":"Connected on port 4000","level":"info","timestamp":"2021-05-18T18:55:42.205Z"}
{"message":"Connected on port 4000","level":"info","timestamp":"2021-05-18T18:55:44.643Z"}
{"message":"Connected on port 4000","level":"info","timestamp":"2021-05-18T18:56:10.846Z"}
{"message":"Connected on port 4000","level":"info","timestamp":"2021-05-18T19:01:03.762Z"}
{"message":"Connected on port 4000","level":"info","timestamp":"2021-05-18T19:23:11.027Z"}
{"message":"Connected on port 4000","level":"info","timestamp":"2021-05-18T19:23:35.971Z"}
{"message":"Connected on port 4000","level":"info","timestamp":"2021-05-18T19:24:27.334Z"}
{"message":"Connected on port 4000","level":"info","timestamp":"2021-05-18T19:25:02.077Z"}
{"message":"Connected on port 4000","level":"info","timestamp":"2021-05-18T19:25:46.319Z"}
{"message":"Connected on port 4000","level":"info","timestamp":"2021-05-18T19:28:36.321Z"}
{"message":"Connected on port 4000","level":"info","timestamp":"2021-05-18T19:30:13.984Z"}
{"message":"Connected on port 4000","level":"info","timestamp":"2021-05-18T19:30:32.183Z"}
{"message":"Connected on port 4000","level":"info","timestamp":"2021-05-18T19:30:49.441Z"}
{"message":"Connected on port 4000","level":"info","timestamp":"2021-05-18T19:31:45.748Z"}
{"message":"Connected on port 4000","level":"info","timestamp":"2021-05-18T19:32:30.316Z"}
{"message":"Connected on port 4000","level":"info","timestamp":"2021-05-18T19:35:33.954Z"}
{"message":"Connected on port 4000","level":"info","timestamp":"2021-05-18T19:36:15.871Z"}
{"message":"Connected on port 4000","level":"info","timestamp":"2021-05-18T19:38:09.223Z"}
{"message":"Connected on port 4000","level":"info","timestamp":"2021-05-18T19:38:28.377Z"}
{"message":"Connected on port 4000","level":"info","timestamp":"2021-05-18T19:39:33.035Z"}
{"message":"Connected on port 4000","level":"info","timestamp":"2021-05-18T19:39:42.692Z"}
{"message":"Connected on port 4000","level":"info","timestamp":"2021-05-18T19:40:13.497Z"}
{"message":"Connected on port 4000","level":"info","timestamp":"2021-05-18T19:40:19.610Z"}
{"message":"Connected on port 4000","level":"info","timestamp":"2021-05-18T19:51:34.574Z"}
{"message":"Connected on port 4000","level":"info","timestamp":"2021-05-18T19:53:30.405Z"}
{"message":"Connected on port 4000","level":"info","timestamp":"2021-05-18T19:53:41.859Z"}
{"message":"Connected on port 4000","level":"info","timestamp":"2021-05-18T20:09:25.834Z"}
{"message":"Connected on port 4000","level":"info","timestamp":"2021-05-18T20:09:28.743Z"}
{"message":"Connected on port 4000","level":"info","timestamp":"2021-05-18T20:09:42.208Z"}
{"message":"Connected on port 4000","level":"info","timestamp":"2021-05-18T20:10:35.351Z"}
{"message":"Connected on port 4000","level":"info","timestamp":"2021-05-18T20:10:41.358Z"}
{"message":"Connected on port 4000","level":"info","timestamp":"2021-05-18T20:11:54.302Z"}
{"message":"Connected to database","level":"info","timestamp":"2021-05-19T15:30:34.296Z"}
{"message":"Connected on port 4000","level":"info","timestamp":"2021-05-19T15:30:34.301Z"}
{"message":"Connected to database","level":"info","timestamp":"2021-05-19T17:14:24.104Z"}
{"message":"Connected on port 4000","level":"info","timestamp":"2021-05-19T17:14:24.108Z"}
{"message":"Connected to database","level":"info","timestamp":"2021-05-19T21:41:43.257Z"}
{"message":"Connected on port 4000","level":"info","timestamp":"2021-05-19T21:41:43.261Z"}
{"message":"Connected to database","level":"info","timestamp":"2021-05-20T00:07:13.293Z"}
{"message":"Connected on port 4000","level":"info","timestamp":"2021-05-20T00:07:13.297Z"}
{"message":"Connected to database","level":"info","timestamp":"2021-05-20T00:33:02.701Z"}
{"message":"Connected on port 4000","level":"info","timestamp":"2021-05-20T00:33:02.705Z"}
{"message":"Connected to database","level":"info","timestamp":"2021-05-20T00:46:27.746Z"}
{"message":"Connected on port 4000","level":"info","timestamp":"2021-05-20T00:46:27.751Z"}
{"message":"Connected to database","level":"info","timestamp":"2021-05-20T00:46:48.242Z"}
{"message":"Connected on port 4000","level":"info","timestamp":"2021-05-20T00:46:48.247Z"}
{"message":"Connected to database","level":"info","timestamp":"2021-05-20T00:55:15.802Z"}
{"message":"Connected on port 4000","level":"info","timestamp":"2021-05-20T00:55:15.807Z"}
{"message":"Connected to database","level":"info","timestamp":"2021-05-20T00:55:31.103Z"}
{"message":"Connected on port 4000","level":"info","timestamp":"2021-05-20T00:55:31.108Z"}
{"message":"Connected to database","level":"info","timestamp":"2021-05-20T00:55:33.961Z"}
{"message":"Connected on port 4000","level":"info","timestamp":"2021-05-20T00:55:33.965Z"}
{"message":"Connected to database","level":"info","timestamp":"2021-05-20T00:56:25.691Z"}
{"message":"Connected on port 4000","level":"info","timestamp":"2021-05-20T00:56:25.697Z"}
{"message":"Connected to database","level":"info","timestamp":"2021-05-20T00:56:41.664Z"}
{"message":"Connected on port 4000","level":"info","timestamp":"2021-05-20T00:56:41.668Z"}
{"message":"Connected to database","level":"info","timestamp":"2021-05-20T00:57:04.721Z"}
{"message":"Connected on port 4000","level":"info","timestamp":"2021-05-20T00:57:04.726Z"}
{"message":"Connected to database","level":"info","timestamp":"2021-05-20T00:57:34.060Z"}
{"message":"Connected on port 4000","level":"info","timestamp":"2021-05-20T00:57:34.064Z"}
{"message":"Connected to database","level":"info","timestamp":"2021-05-20T00:57:39.941Z"}
{"message":"Connected on port 4000","level":"info","timestamp":"2021-05-20T00:57:39.946Z"}
{"message":"Connected to database","level":"info","timestamp":"2021-05-20T00:57:59.989Z"}
{"message":"Connected on port 4000","level":"info","timestamp":"2021-05-20T00:57:59.995Z"}
{"message":"Connected to database","level":"info","timestamp":"2021-05-20T00:59:12.034Z"}
{"message":"Connected on port 4000","level":"info","timestamp":"2021-05-20T00:59:12.039Z"}
{"message":"Connected to database","level":"info","timestamp":"2021-05-20T01:00:19.596Z"}
{"message":"Connected on port 4000","level":"info","timestamp":"2021-05-20T01:00:19.601Z"}
{"message":"Connected to database","level":"info","timestamp":"2021-05-20T01:01:50.954Z"}
{"message":"Connected on port 4000","level":"info","timestamp":"2021-05-20T01:01:50.958Z"}
{"message":"Connected to database","level":"info","timestamp":"2021-05-20T01:02:23.911Z"}
{"message":"Connected on port 4000","level":"info","timestamp":"2021-05-20T01:02:23.915Z"}
{"message":"Connected to database","level":"info","timestamp":"2021-05-20T01:02:47.517Z"}
{"message":"Connected on port 4000","level":"info","timestamp":"2021-05-20T01:02:47.521Z"}
{"message":"Connected to database","level":"info","timestamp":"2021-05-20T01:04:12.873Z"}
{"message":"Connected on port 4000","level":"info","timestamp":"2021-05-20T01:04:12.878Z"}
{"message":"Connected to database","level":"info","timestamp":"2021-05-20T01:04:19.971Z"}
{"message":"Connected on port 4000","level":"info","timestamp":"2021-05-20T01:04:19.975Z"}
{"message":"Connected to database","level":"info","timestamp":"2021-05-20T01:04:50.734Z"}
{"message":"Connected on port 4000","level":"info","timestamp":"2021-05-20T01:04:50.739Z"}
{"message":"Connected to database","level":"info","timestamp":"2021-05-20T01:04:55.530Z"}
{"message":"Connected on port 4000","level":"info","timestamp":"2021-05-20T01:04:55.535Z"}
{"message":"Connected to database","level":"info","timestamp":"2021-05-20T01:05:17.015Z"}
{"message":"Connected on port 4000","level":"info","timestamp":"2021-05-20T01:05:17.020Z"}
{"message":"Connected to database","level":"info","timestamp":"2021-05-20T01:05:23.754Z"}
{"message":"Connected on port 4000","level":"info","timestamp":"2021-05-20T01:05:23.758Z"}
{"message":"Connected to database","level":"info","timestamp":"2021-05-20T01:06:17.956Z"}
{"message":"Connected on port 4000","level":"info","timestamp":"2021-05-20T01:06:17.961Z"}
{"message":"Connected to database","level":"info","timestamp":"2021-05-20T01:06:27.520Z"}
{"message":"Connected on port 4000","level":"info","timestamp":"2021-05-20T01:06:27.526Z"}
{"message":"Connected to database","level":"info","timestamp":"2021-05-20T01:08:28.192Z"}
{"message":"Connected on port 4000","level":"info","timestamp":"2021-05-20T01:08:28.197Z"}
{"message":"Connected to database","level":"info","timestamp":"2021-05-20T01:09:27.722Z"}
{"message":"Connected on port 4000","level":"info","timestamp":"2021-05-20T01:09:27.727Z"}
{"message":"Connected to database","level":"info","timestamp":"2021-05-20T01:09:50.858Z"}
{"message":"Connected on port 4000","level":"info","timestamp":"2021-05-20T01:09:50.862Z"}
{"message":"Connected to database","level":"info","timestamp":"2021-05-20T01:09:56.701Z"}
{"message":"Connected on port 4000","level":"info","timestamp":"2021-05-20T01:09:56.706Z"}
{"message":"Connected to database","level":"info","timestamp":"2021-05-20T01:24:59.614Z"}
{"message":"Connected on port 4000","level":"info","timestamp":"2021-05-20T01:24:59.619Z"}
{"message":"Connected to database","level":"info","timestamp":"2021-05-20T01:25:44.453Z"}
{"message":"Connected on port 4000","level":"info","timestamp":"2021-05-20T01:25:44.457Z"}
{"message":"Connected to database","level":"info","timestamp":"2021-05-20T01:29:49.834Z"}
{"message":"Connected on port 4000","level":"info","timestamp":"2021-05-20T01:29:49.839Z"}
{"message":"Connected to database","level":"info","timestamp":"2021-05-20T01:30:14.860Z"}
{"message":"Connected on port 4000","level":"info","timestamp":"2021-05-20T01:30:14.864Z"}
{"message":"Connected to database","level":"info","timestamp":"2021-05-20T01:32:19.644Z"}
{"message":"Connected on port 4000","level":"info","timestamp":"2021-05-20T01:32:19.650Z"}
{"message":"Connected to database","level":"info","timestamp":"2021-05-20T01:32:56.683Z"}
{"message":"Connected on port 4000","level":"info","timestamp":"2021-05-20T01:32:56.688Z"}
{"message":"Connected to database","level":"info","timestamp":"2021-05-20T01:33:33.760Z"}
{"message":"Connected on port 4000","level":"info","timestamp":"2021-05-20T01:33:33.765Z"}
{"message":"Connected to database","level":"info","timestamp":"2021-05-20T01:33:50.216Z"}
{"message":"Connected on port 4000","level":"info","timestamp":"2021-05-20T01:33:50.221Z"}
{"message":"Connected to database","level":"info","timestamp":"2021-05-20T01:49:14.738Z"}
{"message":"Connected on port 4000","level":"info","timestamp":"2021-05-20T01:49:14.743Z"}
{"message":"Connected to database","level":"info","timestamp":"2021-05-20T01:49:38.226Z"}
{"message":"Connected on port 4000","level":"info","timestamp":"2021-05-20T01:49:38.230Z"}
{"message":"Connected to database","level":"info","timestamp":"2021-05-20T01:49:43.541Z"}
{"message":"Connected on port 4000","level":"info","timestamp":"2021-05-20T01:49:43.545Z"}
{"message":"Connected to database","level":"info","timestamp":"2021-05-20T01:51:37.472Z"}
{"message":"Connected on port 4000","level":"info","timestamp":"2021-05-20T01:51:37.476Z"}
{"message":"Connected to database","level":"info","timestamp":"2021-05-20T01:51:56.085Z"}
{"message":"Connected on port 4000","level":"info","timestamp":"2021-05-20T01:51:56.089Z"}
{"message":"Connected to database","level":"info","timestamp":"2021-05-20T01:52:02.970Z"}
{"message":"Connected on port 4000","level":"info","timestamp":"2021-05-20T01:52:02.975Z"}
{"message":"Connected to database","level":"info","timestamp":"2021-05-20T01:58:04.095Z"}
{"message":"Connected on port 4000","level":"info","timestamp":"2021-05-20T01:58:04.099Z"}
{"message":"Connected to database","level":"info","timestamp":"2021-05-20T01:58:35.420Z"}
{"message":"Connected on port 4000","level":"info","timestamp":"2021-05-20T01:58:35.424Z"}
{"message":"Connected to database","level":"info","timestamp":"2021-05-20T01:58:56.497Z"}
{"message":"Connected on port 4000","level":"info","timestamp":"2021-05-20T01:58:56.502Z"}
{"message":"POST undefined","level":"info","timestamp":"2021-05-20T01:58:58.112Z"}
{"message":"Connected to database","level":"info","timestamp":"2021-05-20T02:01:18.349Z"}
{"message":"Connected on port 4000","level":"info","timestamp":"2021-05-20T02:01:18.354Z"}
{"message":"Connected to database","level":"info","timestamp":"2021-05-20T02:02:11.751Z"}
{"message":"Connected on port 4000","level":"info","timestamp":"2021-05-20T02:02:11.755Z"}
{"message":"POST undefined","level":"info","timestamp":"2021-05-20T02:02:16.671Z"}
{"message":"Connected to database","level":"info","timestamp":"2021-05-20T02:02:36.051Z"}
{"message":"Connected on port 4000","level":"info","timestamp":"2021-05-20T02:02:36.055Z"}
{"message":"Connected to database","level":"info","timestamp":"2021-05-20T02:02:39.613Z"}
{"message":"Connected on port 4000","level":"info","timestamp":"2021-05-20T02:02:39.617Z"}
{"message":"Connected to database","level":"info","timestamp":"2021-05-20T02:03:34.458Z"}
{"message":"Connected on port 4000","level":"info","timestamp":"2021-05-20T02:03:34.462Z"}
{"message":"Connected to database","level":"info","timestamp":"2021-05-20T02:03:54.583Z"}
{"message":"Connected on port 4000","level":"info","timestamp":"2021-05-20T02:03:54.587Z"}
{"message":"GET undefined","level":"info","timestamp":"2021-05-20T02:03:56.322Z"}
{"message":"Connected to database","level":"info","timestamp":"2021-05-20T02:04:04.835Z"}
{"message":"Connected on port 4000","level":"info","timestamp":"2021-05-20T02:04:04.839Z"}
{"message":"Connected to database","level":"info","timestamp":"2021-05-20T02:05:16.677Z"}
{"message":"Connected on port 4000","level":"info","timestamp":"2021-05-20T02:05:16.681Z"}
{"message":"POST undefined","level":"info","timestamp":"2021-05-20T02:05:20.855Z"}
{"message":"Connected to database","level":"info","timestamp":"2021-05-20T02:05:34.205Z"}
{"message":"Connected on port 4000","level":"info","timestamp":"2021-05-20T02:05:34.209Z"}
{"message":"GET [object Object]","level":"info","timestamp":"2021-05-20T02:05:34.943Z"}
{"message":"GET [object Object]","level":"info","timestamp":"2021-05-20T02:05:37.084Z"}
{"message":"GET [object Object]","level":"info","timestamp":"2021-05-20T02:05:37.587Z"}
{"message":"GET [object Object]","level":"info","timestamp":"2021-05-20T02:05:37.937Z"}
{"message":"Connected to database","level":"info","timestamp":"2021-05-20T02:05:46.325Z"}
{"message":"Connected on port 4000","level":"info","timestamp":"2021-05-20T02:05:46.329Z"}
{"message":"Connected to database","level":"info","timestamp":"2021-05-20T02:12:42.723Z"}
{"message":"Connected on port 4000","level":"info","timestamp":"2021-05-20T02:12:42.726Z"}
{"message":"Connected to database","level":"info","timestamp":"2021-05-20T02:12:47.104Z"}
{"message":"Connected on port 4000","level":"info","timestamp":"2021-05-20T02:12:47.108Z"}
{"message":"Connected to database","level":"info","timestamp":"2021-05-20T02:12:54.871Z"}
{"message":"Connected on port 4000","level":"info","timestamp":"2021-05-20T02:12:54.875Z"}
{"message":"Connected to database","level":"info","timestamp":"2021-05-20T02:12:57.258Z"}
{"message":"Connected on port 4000","level":"info","timestamp":"2021-05-20T02:12:57.262Z"}
{"message":"Connected to database","level":"info","timestamp":"2021-05-20T02:13:01.021Z"}
{"message":"Connected on port 4000","level":"info","timestamp":"2021-05-20T02:13:01.026Z"}
{"message":"GET /test null 0.016 ms","level":"info","timestamp":"2021-05-20T02:13:03.372Z"}
{"message":"GET /test null 0.004 ms","level":"info","timestamp":"2021-05-20T02:13:04.891Z"}
{"message":"GET /test null 0.002 ms","level":"info","timestamp":"2021-05-20T02:13:05.340Z"}
{"message":"GET /test null 0.003 ms","level":"info","timestamp":"2021-05-20T02:13:05.839Z"}
{"message":"GET /test null 0.012 ms","level":"info","timestamp":"2021-05-20T02:13:09.300Z"}
{"message":"GET /test null 0.002 ms","level":"info","timestamp":"2021-05-20T02:13:09.679Z"}
{"message":"GET /test null 0.003 ms","level":"info","timestamp":"2021-05-20T02:13:10.091Z"}
{"message":"GET /test null 0.002 ms","level":"info","timestamp":"2021-05-20T02:13:10.642Z"}
{"message":"GET /test null 0.002 ms","level":"info","timestamp":"2021-05-20T02:13:11.190Z"}
{"message":"GET /test null 0.003 ms","level":"info","timestamp":"2021-05-20T02:13:11.945Z"}
{"message":"GET /test null 0.002 ms","level":"info","timestamp":"2021-05-20T02:13:12.481Z"}
{"message":"GET /test null 0.003 ms","level":"info","timestamp":"2021-05-20T02:13:12.944Z"}
{"message":"Connected to database","level":"info","timestamp":"2021-05-20T02:14:03.140Z"}
{"message":"Connected on port 4000","level":"info","timestamp":"2021-05-20T02:14:03.145Z"}
{"message":"GET /test 200 0.015 ms","level":"info","timestamp":"2021-05-20T02:14:06.863Z"}
{"message":"GET /test 200 0.003 ms","level":"info","timestamp":"2021-05-20T02:14:07.377Z"}
{"message":"GET /test 200 0.002 ms","level":"info","timestamp":"2021-05-20T02:14:07.803Z"}
{"message":"GET /test 200 0.002 ms","level":"info","timestamp":"2021-05-20T02:14:08.165Z"}
{"message":"GET /test 200 0.009 ms","level":"info","timestamp":"2021-05-20T02:14:08.569Z"}
{"message":"GET /test 200 0.002 ms","level":"info","timestamp":"2021-05-20T02:14:08.956Z"}
{"message":"GET /test 200 0.002 ms","level":"info","timestamp":"2021-05-20T02:14:09.325Z"}
{"message":"POST /test 200 0.003 ms","level":"info","timestamp":"2021-05-20T02:14:12.814Z"}
{"message":"POST /test 200 0.002 ms","level":"info","timestamp":"2021-05-20T02:14:13.331Z"}
{"message":"POST /test 200 0.003 ms","level":"info","timestamp":"2021-05-20T02:14:14.683Z"}
{"message":"POST /test 200 0.002 ms","level":"info","timestamp":"2021-05-20T02:14:36.127Z"}
{"message":"POST /hello/5 200 0.003 ms","level":"info","timestamp":"2021-05-20T02:15:08.891Z"}
{"message":"POST /hello/5 200 0.002 ms","level":"info","timestamp":"2021-05-20T02:15:11.993Z"}
{"message":"POST /hello/5 200 0.002 ms","level":"info","timestamp":"2021-05-20T02:15:12.422Z"}
{"message":"POST /hello/5 200 0.002 ms","level":"info","timestamp":"2021-05-20T02:15:12.756Z"}
{"message":"POST /hello/5 200 0.003 ms","level":"info","timestamp":"2021-05-20T02:15:16.549Z"}
{"message":"POST /hello/5 200 0.002 ms","level":"info","timestamp":"2021-05-20T02:15:18.040Z"}
{"message":"POST /hello/5 200 0.003 ms","level":"info","timestamp":"2021-05-20T02:15:18.812Z"}
{"message":"Connected to database","level":"info","timestamp":"2021-05-20T02:15:47.305Z"}
{"message":"Connected on port 4000","level":"info","timestamp":"2021-05-20T02:15:47.310Z"}
{"message":"POST /hello/5 200 0.016 ms","level":"info","timestamp":"2021-05-20T02:15:53.257Z"}
{"message":"Connected to database","level":"info","timestamp":"2021-05-20T02:17:54.761Z"}
{"message":"Connected on port 4000","level":"info","timestamp":"2021-05-20T02:17:54.766Z"}
{"message":"POST /hello/5 200 1,005.302 ms","level":"info","timestamp":"2021-05-20T02:18:00.128Z"}
{"message":"POST /hello/5 200 1,015.718 ms","level":"info","timestamp":"2021-05-20T02:18:00.129Z"}
{"message":"Connected to database","level":"info","timestamp":"2021-05-20T02:19:29.598Z"}
{"message":"Connected on port 4000","level":"info","timestamp":"2021-05-20T02:19:29.603Z"}
{"message":"POST /hello/5 200 1,006.121 ms","level":"info","timestamp":"2021-05-20T02:19:34.122Z"}
{"message":"Connected to database","level":"info","timestamp":"2021-05-20T02:24:15.177Z"}
{"message":"Connected on port 4000","level":"info","timestamp":"2021-05-20T02:24:15.181Z"}
{"message":"Connected to database","level":"info","timestamp":"2021-05-20T08:45:55.468Z"}
{"message":"Connected on port 4000","level":"info","timestamp":"2021-05-20T08:45:55.472Z"}
{"message":"Connected to database","level":"info","timestamp":"2021-05-20T11:30:59.633Z"}
{"message":"Connected on port 4000","level":"info","timestamp":"2021-05-20T11:30:59.637Z"}
{"message":"Connected to database","level":"info","timestamp":"2021-05-20T15:43:06.320Z"}
{"message":"Connected on port 4000","level":"info","timestamp":"2021-05-20T15:43:06.325Z"}
{"message":"Connected to database","level":"info","timestamp":"2021-05-20T15:45:50.342Z"}
{"message":"Connected on port 4000","level":"info","timestamp":"2021-05-20T15:45:50.346Z"}
{"message":"Connected to database","level":"info","timestamp":"2021-05-20T15:47:05.026Z"}
{"message":"Connected on port 4000","level":"info","timestamp":"2021-05-20T15:47:05.030Z"}
{"message":"Connected to database","level":"info","timestamp":"2021-05-20T15:52:38.662Z"}
{"message":"Connected on port 4000","level":"info","timestamp":"2021-05-20T15:52:38.666Z"}
{"message":"Connected to database","level":"info","timestamp":"2021-05-20T15:52:48.477Z"}
{"message":"Connected on port 4000","level":"info","timestamp":"2021-05-20T15:52:48.482Z"}
{"message":"Connected to database","level":"info","timestamp":"2021-05-20T15:53:00.615Z"}
{"message":"Connected on port 4000","level":"info","timestamp":"2021-05-20T15:53:00.619Z"}
{"message":"Connected to database","level":"info","timestamp":"2021-05-20T15:53:27.517Z"}
{"message":"Connected on port 4000","level":"info","timestamp":"2021-05-20T15:53:27.521Z"}
{"message":"Connected to database","level":"info","timestamp":"2021-05-20T16:00:20.217Z"}
{"message":"Connected on port 4000","level":"info","timestamp":"2021-05-20T16:00:20.222Z"}
{"message":"Connected to database","level":"info","timestamp":"2021-05-20T16:02:48.938Z"}
{"message":"Connected on port 4000","level":"info","timestamp":"2021-05-20T16:02:48.942Z"}
{"message":"Connected to database","level":"info","timestamp":"2021-05-20T16:05:05.830Z"}
{"message":"Connected on port 4000","level":"info","timestamp":"2021-05-20T16:05:05.834Z"}
{"message":"Connected to database","level":"info","timestamp":"2021-05-20T16:05:10.547Z"}
{"message":"Connected on port 4000","level":"info","timestamp":"2021-05-20T16:05:10.552Z"}
{"message":"Connected to database","level":"info","timestamp":"2021-05-20T16:05:15.269Z"}
{"message":"Connected on port 4000","level":"info","timestamp":"2021-05-20T16:05:15.274Z"}
{"message":"Connected to database","level":"info","timestamp":"2021-05-20T16:05:33.828Z"}
{"message":"Connected on port 4000","level":"info","timestamp":"2021-05-20T16:05:33.833Z"}
{"message":"Connected to database","level":"info","timestamp":"2021-05-20T16:05:41.271Z"}
{"message":"Connected on port 4000","level":"info","timestamp":"2021-05-20T16:05:41.275Z"}
{"message":"Connected to database","level":"info","timestamp":"2021-05-20T16:05:57.434Z"}
{"message":"Connected on port 4000","level":"info","timestamp":"2021-05-20T16:05:57.438Z"}
{"message":"Connected to database","level":"info","timestamp":"2021-05-20T16:07:28.224Z"}
{"message":"Connected on port 4000","level":"info","timestamp":"2021-05-20T16:07:28.228Z"}
{"message":"Connected to database","level":"info","timestamp":"2021-05-20T16:07:43.693Z"}
{"message":"Connected on port 4000","level":"info","timestamp":"2021-05-20T16:07:43.697Z"}
{"message":"Connected to database","level":"info","timestamp":"2021-05-20T16:09:20.977Z"}
{"message":"Connected on port 4000","level":"info","timestamp":"2021-05-20T16:09:20.981Z"}
{"message":"Connected to database","level":"info","timestamp":"2021-05-20T16:13:14.737Z"}
{"message":"Connected on port 4000","level":"info","timestamp":"2021-05-20T16:13:14.742Z"}
{"message":"Connected to database","level":"info","timestamp":"2021-05-20T16:13:30.791Z"}
{"message":"Connected on port 4000","level":"info","timestamp":"2021-05-20T16:13:30.795Z"}
{"message":"Connected to database","level":"info","timestamp":"2021-05-20T16:13:34.254Z"}
{"message":"Connected on port 4000","level":"info","timestamp":"2021-05-20T16:13:34.258Z"}
{"message":"Connected to database","level":"info","timestamp":"2021-05-20T16:15:47.993Z"}
{"message":"Connected on port 4000","level":"info","timestamp":"2021-05-20T16:15:47.997Z"}
{"message":"Connected to database","level":"info","timestamp":"2021-05-20T16:15:54.774Z"}
{"message":"Connected on port 4000","level":"info","timestamp":"2021-05-20T16:15:54.779Z"}
{"message":"Connected to database","level":"info","timestamp":"2021-05-20T16:17:21.235Z"}
{"message":"Connected on port 4000","level":"info","timestamp":"2021-05-20T16:17:21.239Z"}
{"message":"POST /hello/5 200 5.184 ms","level":"info","timestamp":"2021-05-20T16:17:35.630Z"}
{"message":"Connected to database","level":"info","timestamp":"2021-05-20T16:19:52.971Z"}
{"message":"Connected on port 4000","level":"info","timestamp":"2021-05-20T16:19:52.975Z"}
{"message":"POST /hello/5 200 3.549 ms","level":"info","timestamp":"2021-05-20T16:19:55.237Z"}
{"message":"POST /hello/5 200 0.644 ms","level":"info","timestamp":"2021-05-20T16:20:15.016Z"}
{"message":"Connected to database","level":"info","timestamp":"2021-05-20T16:20:17.754Z"}
{"message":"Connected on port 4000","level":"info","timestamp":"2021-05-20T16:20:17.758Z"}
{"message":"POST /hello/5 200 3.45 ms","level":"info","timestamp":"2021-05-20T16:20:17.805Z"}
{"message":"Connected to database","level":"info","timestamp":"2021-05-20T16:20:25.160Z"}
{"message":"Connected on port 4000","level":"info","timestamp":"2021-05-20T16:20:25.165Z"}
{"message":"POST /hello/5 200 3.505 ms","level":"info","timestamp":"2021-05-20T16:20:25.830Z"}
{"message":"Connected to database","level":"info","timestamp":"2021-05-20T16:20:29.681Z"}
{"message":"Connected on port 4000","level":"info","timestamp":"2021-05-20T16:20:29.685Z"}
{"message":"Connected to database","level":"info","timestamp":"2021-05-20T16:20:47.508Z"}
{"message":"Connected on port 4000","level":"info","timestamp":"2021-05-20T16:20:47.513Z"}
{"message":"POST /hello/5 200 3.538 ms","level":"info","timestamp":"2021-05-20T16:20:48.454Z"}
{"message":"Connected to database","level":"info","timestamp":"2021-05-20T16:21:44.528Z"}
{"message":"Connected on port 4000","level":"info","timestamp":"2021-05-20T16:21:44.533Z"}
{"message":"Connected to database","level":"info","timestamp":"2021-05-20T16:22:47.414Z"}
{"message":"Connected on port 4000","level":"info","timestamp":"2021-05-20T16:22:47.418Z"}
{"message":"Connected to database","level":"info","timestamp":"2021-05-20T16:24:20.369Z"}
{"message":"Connected on port 4000","level":"info","timestamp":"2021-05-20T16:24:20.374Z"}
{"message":"Connected to database","level":"info","timestamp":"2021-05-20T16:24:55.890Z"}
{"message":"Connected on port 4000","level":"info","timestamp":"2021-05-20T16:24:55.895Z"}
{"message":"Connected to database","level":"info","timestamp":"2021-05-20T16:25:04.322Z"}
{"message":"Connected on port 4000","level":"info","timestamp":"2021-05-20T16:25:04.326Z"}
{"message":"Connected to database","level":"info","timestamp":"2021-05-20T16:25:06.897Z"}
{"message":"Connected on port 4000","level":"info","timestamp":"2021-05-20T16:25:06.901Z"}
{"message":"POST /hello/5 200 3.614 ms","level":"info","timestamp":"2021-05-20T16:25:15.544Z"}
{"message":"Connected to database","level":"info","timestamp":"2021-05-20T16:25:26.105Z"}
{"message":"Connected on port 4000","level":"info","timestamp":"2021-05-20T16:25:26.109Z"}
{"message":"POST /hello/5 200 3.523 ms","level":"info","timestamp":"2021-05-20T16:25:26.655Z"}
{"message":"Connected to database","level":"info","timestamp":"2021-05-20T16:25:52.434Z"}
{"message":"Connected on port 4000","level":"info","timestamp":"2021-05-20T16:25:52.439Z"}
{"message":"Connected to database","level":"info","timestamp":"2021-05-20T16:33:10.437Z"}
{"message":"Connected on port 4000","level":"info","timestamp":"2021-05-20T16:33:10.442Z"}
{"message":"POST /hello/5 200 3.596 ms","level":"info","timestamp":"2021-05-20T16:34:16.054Z"}
{"message":"Connected to database","level":"info","timestamp":"2021-05-20T16:34:34.001Z"}
{"message":"Connected on port 4000","level":"info","timestamp":"2021-05-20T16:34:34.005Z"}
{"message":"POST /hello/5 200 3.549 ms","level":"info","timestamp":"2021-05-20T16:34:34.623Z"}
{"message":"POST /hello/5 200 0.498 ms","level":"info","timestamp":"2021-05-20T16:34:35.403Z"}
{"message":"POST /hello/5 200 0.392 ms","level":"info","timestamp":"2021-05-20T16:34:35.716Z"}
{"message":"Connected to database","level":"info","timestamp":"2021-05-20T16:34:47.971Z"}
{"message":"Connected on port 4000","level":"info","timestamp":"2021-05-20T16:34:47.977Z"}
{"message":"POST /hello/5 200 4.016 ms","level":"info","timestamp":"2021-05-20T16:34:48.382Z"}
{"message":"POST /hello/5 200 0.541 ms","level":"info","timestamp":"2021-05-20T16:34:53.773Z"}
{"message":"Connected to database","level":"info","timestamp":"2021-05-20T16:34:57.715Z"}
{"message":"Connected on port 4000","level":"info","timestamp":"2021-05-20T16:34:57.720Z"}
{"message":"POST /hello/5 200 3.941 ms","level":"info","timestamp":"2021-05-20T16:34:59.515Z"}
{"message":"Connected to database","level":"info","timestamp":"2021-05-20T16:35:16.949Z"}
{"message":"Connected on port 4000","level":"info","timestamp":"2021-05-20T16:35:16.953Z"}
{"message":"POST /hello/5 200 4.1 ms","level":"info","timestamp":"2021-05-20T16:35:19.841Z"}
{"message":"Connected to database","level":"info","timestamp":"2021-05-20T16:36:15.460Z"}
{"message":"Connected on port 4000","level":"info","timestamp":"2021-05-20T16:36:15.465Z"}
{"message":"POST /hello/5 200 2.759 ms","level":"info","timestamp":"2021-05-20T16:36:16.842Z"}
{"message":"POST /hello/5 200 0.431 ms","level":"info","timestamp":"2021-05-20T16:36:17.301Z"}
{"message":"Connected to database","level":"info","timestamp":"2021-05-20T16:36:43.558Z"}
{"message":"Connected on port 4000","level":"info","timestamp":"2021-05-20T16:36:43.562Z"}
{"message":"POST /hello/5 200 2.679 ms","level":"info","timestamp":"2021-05-20T16:36:45.024Z"}
{"message":"Connected to database","level":"info","timestamp":"2021-05-20T16:36:52.462Z"}
{"message":"Connected on port 4000","level":"info","timestamp":"2021-05-20T16:36:52.467Z"}
{"message":"POST /hello/5 200 2.814 ms","level":"info","timestamp":"2021-05-20T16:36:53.081Z"}
{"message":"POST /hello/5 200 0.446 ms","level":"info","timestamp":"2021-05-20T16:36:55.366Z"}
{"message":"Connected to database","level":"info","timestamp":"2021-05-20T16:36:59.620Z"}
{"message":"Connected on port 4000","level":"info","timestamp":"2021-05-20T16:36:59.624Z"}
{"message":"POST /hello/5 200 2.725 ms","level":"info","timestamp":"2021-05-20T16:36:59.915Z"}
{"message":"Connected to database","level":"info","timestamp":"2021-05-20T16:38:02.233Z"}
{"message":"Connected on port 4000","level":"info","timestamp":"2021-05-20T16:38:02.237Z"}
{"message":"Connected to database","level":"info","timestamp":"2021-05-20T16:38:07.628Z"}
{"message":"Connected on port 4000","level":"info","timestamp":"2021-05-20T16:38:07.633Z"}
{"message":"Connected to database","level":"info","timestamp":"2021-05-20T16:42:36.986Z"}
{"message":"Connected on port 4000","level":"info","timestamp":"2021-05-20T16:42:36.990Z"}
{"message":"Connected to database","level":"info","timestamp":"2021-05-20T16:44:41.864Z"}
{"message":"Connected on port 4000","level":"info","timestamp":"2021-05-20T16:44:41.869Z"}
{"message":"Connected to database","level":"info","timestamp":"2021-05-20T16:45:22.819Z"}
{"message":"Connected on port 4000","level":"info","timestamp":"2021-05-20T16:45:22.824Z"}
{"message":"Connected to database","level":"info","timestamp":"2021-05-20T16:47:55.571Z"}
{"message":"Connected on port 4000","level":"info","timestamp":"2021-05-20T16:47:55.575Z"}
{"message":"Connected to database","level":"info","timestamp":"2021-05-20T16:48:02.546Z"}
{"message":"Connected on port 4000","level":"info","timestamp":"2021-05-20T16:48:02.550Z"}
{"message":"Connected to database","level":"info","timestamp":"2021-05-20T16:48:46.162Z"}
{"message":"Connected on port 4000","level":"info","timestamp":"2021-05-20T16:48:46.167Z"}
{"message":"Connected to database","level":"info","timestamp":"2021-05-20T16:48:55.319Z"}
{"message":"Connected on port 4000","level":"info","timestamp":"2021-05-20T16:48:55.324Z"}
{"message":"POST /hello/5 200 6.368 ms","level":"info","timestamp":"2021-05-20T16:48:58.633Z"}
{"message":"Connected to database","level":"info","timestamp":"2021-05-20T16:50:17.168Z"}
{"message":"Connected on port 4000","level":"info","timestamp":"2021-05-20T16:50:17.172Z"}
{"message":"POST /hello/5 200 6.414 ms","level":"info","timestamp":"2021-05-20T16:50:19.004Z"}
{"message":"Connected to database","level":"info","timestamp":"2021-05-20T16:51:00.989Z"}
{"message":"Connected on port 4000","level":"info","timestamp":"2021-05-20T16:51:00.993Z"}
{"message":"POST /hello/5 200 27.256 ms","level":"info","timestamp":"2021-05-20T16:51:03.257Z"}
{"message":"Connected to database","level":"info","timestamp":"2021-05-20T16:56:31.972Z"}
{"message":"Connected on port 4000","level":"info","timestamp":"2021-05-20T16:56:31.976Z"}
{"message":"Connected to database","level":"info","timestamp":"2021-05-20T16:56:51.254Z"}
{"message":"Connected on port 4000","level":"info","timestamp":"2021-05-20T16:56:51.259Z"}
{"message":"POST /hello/5 200 3,994.94 ms","level":"info","timestamp":"2021-05-20T16:58:50.409Z"}
{"message":"Connected to database","level":"info","timestamp":"2021-05-20T17:02:09.721Z"}
{"message":"Connected on port 4000","level":"info","timestamp":"2021-05-20T17:02:09.726Z"}
{"message":"POST /hello/5 200 4,083.446 ms","level":"info","timestamp":"2021-05-20T17:02:30.811Z"}
{"message":"POST /hello/5 200 4,284.792 ms","level":"info","timestamp":"2021-05-20T17:02:40.672Z"}
{"message":"Connected to database","level":"info","timestamp":"2021-05-20T17:04:03.968Z"}
{"message":"Connected on port 4000","level":"info","timestamp":"2021-05-20T17:04:03.973Z"}
{"message":"Connected to database","level":"info","timestamp":"2021-05-20T17:12:31.506Z"}
{"message":"Connected on port 4000","level":"info","timestamp":"2021-05-20T17:12:31.510Z"}
{"message":"POST /hello/5 200 27,479.57 ms","level":"info","timestamp":"2021-05-20T17:18:05.873Z"}
{"message":"Connected to database","level":"info","timestamp":"2021-05-20T17:19:27.548Z"}
{"message":"Connected on port 4000","level":"info","timestamp":"2021-05-20T17:19:27.552Z"}
{"message":"POST /hello/5 200 6.166 ms","level":"info","timestamp":"2021-05-20T17:19:29.647Z"}
{"message":"POST /hello/5 200 2,101.838 ms","level":"info","timestamp":"2021-05-20T17:19:49.874Z"}
{"message":"POST /hello/5 200 2,759.154 ms","level":"info","timestamp":"2021-05-20T17:20:10.137Z"}
{"message":"Connected to database","level":"info","timestamp":"2021-05-20T17:20:56.895Z"}
{"message":"Connected on port 4000","level":"info","timestamp":"2021-05-20T17:20:56.900Z"}
{"message":"POST /hello/5 200 7.232 ms","level":"info","timestamp":"2021-05-20T17:20:58.778Z"}
{"message":"Connected to database","level":"info","timestamp":"2021-05-20T17:21:15.150Z"}
{"message":"Connected on port 4000","level":"info","timestamp":"2021-05-20T17:21:15.154Z"}
{"message":"POST /hello/5 200 7.009 ms","level":"info","timestamp":"2021-05-20T17:21:16.635Z"}
{"message":"POST /hello/5 200 12,280.26 ms","level":"info","timestamp":"2021-05-20T17:22:02.591Z"}
{"message":"Connected to database","level":"info","timestamp":"2021-05-20T17:22:26.447Z"}
{"message":"Connected on port 4000","level":"info","timestamp":"2021-05-20T17:22:26.451Z"}
{"message":"POST /hello/5 200 3.2 ms","level":"info","timestamp":"2021-05-20T17:22:28.313Z"}
{"message":"Connected to database","level":"info","timestamp":"2021-05-20T17:23:19.072Z"}
{"message":"Connected on port 4000","level":"info","timestamp":"2021-05-20T17:23:19.076Z"}
{"message":"POST /hello/5 200 3.415 ms","level":"info","timestamp":"2021-05-20T17:23:19.490Z"}
{"message":"Connected to database","level":"info","timestamp":"2021-05-20T17:23:33.132Z"}
{"message":"Connected on port 4000","level":"info","timestamp":"2021-05-20T17:23:33.136Z"}
{"message":"POST /hello/5 200 3.36 ms","level":"info","timestamp":"2021-05-20T17:23:33.167Z"}
{"message":"Connected to database","level":"info","timestamp":"2021-05-20T17:24:06.745Z"}
{"message":"Connected on port 4000","level":"info","timestamp":"2021-05-20T17:24:06.750Z"}
{"message":"POST /hello/5 200 3.209 ms","level":"info","timestamp":"2021-05-20T17:24:07.274Z"}
{"message":"POST /hello/5 200 0.546 ms","level":"info","timestamp":"2021-05-20T17:24:08.289Z"}
{"message":"Connected to database","level":"info","timestamp":"2021-05-20T17:24:45.471Z"}
{"message":"Connected on port 4000","level":"info","timestamp":"2021-05-20T17:24:45.475Z"}
{"message":"POST /hello/5 200 3.124 ms","level":"info","timestamp":"2021-05-20T17:24:45.851Z"}
{"message":"Connected to database","level":"info","timestamp":"2021-05-20T17:24:53.740Z"}
{"message":"Connected on port 4000","level":"info","timestamp":"2021-05-20T17:24:53.745Z"}
{"message":"POST /hello/5 200 3.149 ms","level":"info","timestamp":"2021-05-20T17:24:54.135Z"}
{"message":"Connected to database","level":"info","timestamp":"2021-05-20T17:25:23.682Z"}
{"message":"Connected on port 4000","level":"info","timestamp":"2021-05-20T17:25:23.686Z"}
{"message":"POST /hello/5 200 6.971 ms","level":"info","timestamp":"2021-05-20T17:25:23.908Z"}
{"message":"POST /hello/5 200 1.012 ms","level":"info","timestamp":"2021-05-20T17:25:24.819Z"}
{"message":"Connected to database","level":"info","timestamp":"2021-05-20T17:25:34.707Z"}
{"message":"Connected on port 4000","level":"info","timestamp":"2021-05-20T17:25:34.711Z"}
{"message":"POST /hello/5 200 3.229 ms","level":"info","timestamp":"2021-05-20T17:25:35.368Z"}
{"message":"Connected to database","level":"info","timestamp":"2021-05-20T17:25:59.988Z"}
{"message":"Connected on port 4000","level":"info","timestamp":"2021-05-20T17:25:59.993Z"}
{"message":"POST /hello/5 200 10.139 ms","level":"info","timestamp":"2021-05-20T17:26:00.413Z"}
{"message":"Connected to database","level":"info","timestamp":"2021-05-20T17:26:14.747Z"}
{"message":"Connected on port 4000","level":"info","timestamp":"2021-05-20T17:26:14.752Z"}
{"message":"POST /hello/5 200 4.407 ms","level":"info","timestamp":"2021-05-20T17:26:15.633Z"}
{"message":"Connected to database","level":"info","timestamp":"2021-05-20T19:19:36.737Z"}
{"message":"Connected on port 4000","level":"info","timestamp":"2021-05-20T19:19:36.741Z"}
{"message":"Connected to database","level":"info","timestamp":"2021-05-20T19:19:53.539Z"}
{"message":"Connected on port 4000","level":"info","timestamp":"2021-05-20T19:19:53.543Z"}
{"message":"POST /hello/5 200 4.24 ms","level":"info","timestamp":"2021-05-20T19:19:56.976Z"}
{"message":"Connected to database","level":"info","timestamp":"2021-05-20T19:24:44.829Z"}
{"message":"Connected on port 4000","level":"info","timestamp":"2021-05-20T19:24:44.834Z"}
{"message":"POST /hello/5 200 4.169 ms","level":"info","timestamp":"2021-05-20T19:24:58.772Z"}
{"message":"Connected to database","level":"info","timestamp":"2021-05-20T19:25:21.311Z"}
{"message":"Connected on port 4000","level":"info","timestamp":"2021-05-20T19:25:21.316Z"}
{"message":"POST /hello/5 200 4.427 ms","level":"info","timestamp":"2021-05-20T19:25:23.640Z"}
{"message":"Connected to database","level":"info","timestamp":"2021-05-20T19:25:33.321Z"}
{"message":"Connected on port 4000","level":"info","timestamp":"2021-05-20T19:25:33.326Z"}
{"message":"POST /hello/5 200 4.302 ms","level":"info","timestamp":"2021-05-20T19:25:34.551Z"}
{"message":"Connected to database","level":"info","timestamp":"2021-05-20T19:25:39.654Z"}
{"message":"Connected on port 4000","level":"info","timestamp":"2021-05-20T19:25:39.658Z"}
{"message":"Connected to database","level":"info","timestamp":"2021-05-20T19:25:58.306Z"}
{"message":"Connected on port 4000","level":"info","timestamp":"2021-05-20T19:25:58.311Z"}
{"message":"Connected to database","level":"info","timestamp":"2021-05-20T19:26:05.965Z"}
{"message":"Connected on port 4000","level":"info","timestamp":"2021-05-20T19:26:05.970Z"}
{"message":"POST /hello/5 200 5.858 ms","level":"info","timestamp":"2021-05-20T19:26:06.119Z"}
{"message":"Connected to database","level":"info","timestamp":"2021-05-20T19:26:14.356Z"}
{"message":"Connected on port 4000","level":"info","timestamp":"2021-05-20T19:26:14.361Z"}
{"message":"POST /hello/5 200 5.166 ms","level":"info","timestamp":"2021-05-20T19:26:14.575Z"}
{"message":"Connected to database","level":"info","timestamp":"2021-05-20T19:28:20.468Z"}
{"message":"Connected on port 4000","level":"info","timestamp":"2021-05-20T19:28:20.473Z"}
{"message":"Connected to database","level":"info","timestamp":"2021-05-20T19:29:11.692Z"}
{"message":"Connected on port 4000","level":"info","timestamp":"2021-05-20T19:29:11.696Z"}
{"message":"POST /hello/5 200 6.059 ms","level":"info","timestamp":"2021-05-20T19:30:37.790Z"}
{"message":"Connected to database","level":"info","timestamp":"2021-05-20T19:31:42.689Z"}
{"message":"Connected on port 4000","level":"info","timestamp":"2021-05-20T19:31:42.694Z"}
{"message":"Connected to database","level":"info","timestamp":"2021-05-20T19:32:03.556Z"}
{"message":"Connected on port 4000","level":"info","timestamp":"2021-05-20T19:32:03.561Z"}
{"message":"POST /hello/5 200 5.977 ms","level":"info","timestamp":"2021-05-20T19:32:05.923Z"}
{"message":"POST /hello/5 200 1.189 ms","level":"info","timestamp":"2021-05-20T19:32:20.822Z"}
{"message":"POST /hello/5 200 1.125 ms","level":"info","timestamp":"2021-05-20T19:32:21.287Z"}
{"message":"POST /hello/5 200 0.985 ms","level":"info","timestamp":"2021-05-20T19:32:22.649Z"}
{"message":"POST /hello/5 200 0.987 ms","level":"info","timestamp":"2021-05-20T19:32:23.143Z"}
{"message":"POST /hello/5 200 0.905 ms","level":"info","timestamp":"2021-05-20T19:32:23.631Z"}
{"message":"POST /hello/5 200 0.949 ms","level":"info","timestamp":"2021-05-20T19:32:23.967Z"}
{"message":"POST /hello/5 200 0.87 ms","level":"info","timestamp":"2021-05-20T19:32:24.383Z"}
{"message":"POST /hello/5 200 0.962 ms","level":"info","timestamp":"2021-05-20T19:32:24.747Z"}
{"message":"POST /hello/5 200 0.831 ms","level":"info","timestamp":"2021-05-20T19:32:25.101Z"}
{"message":"POST /hello/5 200 0.794 ms","level":"info","timestamp":"2021-05-20T19:32:25.436Z"}
{"message":"POST /hello/5 200 0.902 ms","level":"info","timestamp":"2021-05-20T19:32:25.821Z"}
{"message":"POST /hello/5 200 1.893 ms","level":"info","timestamp":"2021-05-20T19:32:26.363Z"}
{"message":"POST /hello/5 200 0.816 ms","level":"info","timestamp":"2021-05-20T19:32:26.769Z"}
{"message":"POST /hello/5 200 0.818 ms","level":"info","timestamp":"2021-05-20T19:32:27.159Z"}
{"message":"POST /hello/5 200 1.03 ms","level":"info","timestamp":"2021-05-20T19:32:27.616Z"}
{"message":"POST /hello/5 200 0.788 ms","level":"info","timestamp":"2021-05-20T19:32:28.099Z"}
{"message":"POST /hello/5 200 0.735 ms","level":"info","timestamp":"2021-05-20T19:32:28.577Z"}
{"message":"POST /hello/5 200 0.791 ms","level":"info","timestamp":"2021-05-20T19:32:29.080Z"}
{"message":"POST /hello/5 200 0.75 ms","level":"info","timestamp":"2021-05-20T19:32:29.710Z"}
{"message":"POST /hello/5 200 0.937 ms","level":"info","timestamp":"2021-05-20T19:32:30.177Z"}
{"message":"POST /hello/5 200 1.396 ms","level":"info","timestamp":"2021-05-20T19:32:30.832Z"}
{"message":"POST /hello/5 200 0.829 ms","level":"info","timestamp":"2021-05-20T19:32:31.290Z"}
{"message":"POST /hello/5 200 1.075 ms","level":"info","timestamp":"2021-05-20T19:32:31.860Z"}
{"message":"POST /hello/5 200 0.735 ms","level":"info","timestamp":"2021-05-20T19:32:32.310Z"}
{"message":"POST /hello/5 200 0.736 ms","level":"info","timestamp":"2021-05-20T19:32:32.887Z"}
{"message":"POST /hello/5 200 0.788 ms","level":"info","timestamp":"2021-05-20T19:32:33.343Z"}
{"message":"POST /hello/5 200 0.734 ms","level":"info","timestamp":"2021-05-20T19:32:33.759Z"}
{"message":"POST /hello/5 200 0.791 ms","level":"info","timestamp":"2021-05-20T19:32:38.152Z"}
{"message":"POST /hello/5 200 0.842 ms","level":"info","timestamp":"2021-05-20T19:32:38.631Z"}
{"message":"POST /hello/5 200 0.773 ms","level":"info","timestamp":"2021-05-20T19:32:38.953Z"}
{"message":"POST /hello/5 200 0.882 ms","level":"info","timestamp":"2021-05-20T19:32:39.996Z"}
{"message":"POST /hello/5 200 0.845 ms","level":"info","timestamp":"2021-05-20T19:32:40.317Z"}
{"message":"POST /hello/5 200 0.877 ms","level":"info","timestamp":"2021-05-20T19:32:40.637Z"}
{"message":"POST /hello/5 200 0.788 ms","level":"info","timestamp":"2021-05-20T19:32:41.105Z"}
{"message":"POST /hello/5 200 0.793 ms","level":"info","timestamp":"2021-05-20T19:32:43.506Z"}
{"message":"POST /hello/5 200 0.907 ms","level":"info","timestamp":"2021-05-20T19:32:43.926Z"}
{"message":"POST /hello/5 200 0.936 ms","level":"info","timestamp":"2021-05-20T19:32:44.543Z"}
{"message":"POST /hello/5 200 0.812 ms","level":"info","timestamp":"2021-05-20T19:32:44.900Z"}
{"message":"POST /hello/5 200 0.963 ms","level":"info","timestamp":"2021-05-20T19:32:45.489Z"}
{"message":"POST /hello/5 200 0.744 ms","level":"info","timestamp":"2021-05-20T19:32:46.002Z"}
{"message":"POST /hello/5 200 0.817 ms","level":"info","timestamp":"2021-05-20T19:32:46.478Z"}
{"message":"POST /hello/5 200 0.918 ms","level":"info","timestamp":"2021-05-20T19:32:46.966Z"}
{"message":"POST /hello/5 200 0.883 ms","level":"info","timestamp":"2021-05-20T19:32:47.464Z"}
{"message":"POST /hello/5 200 0.723 ms","level":"info","timestamp":"2021-05-20T19:32:47.934Z"}
{"message":"POST /hello/5 200 0.99 ms","level":"info","timestamp":"2021-05-20T19:32:48.363Z"}
{"message":"POST /hello/5 200 0.764 ms","level":"info","timestamp":"2021-05-20T19:32:49.749Z"}
{"message":"Connected to database","level":"info","timestamp":"2021-05-20T19:33:09.674Z"}
{"message":"Connected on port 4000","level":"info","timestamp":"2021-05-20T19:33:09.679Z"}
{"message":"Connected to database","level":"info","timestamp":"2021-05-20T19:35:22.961Z"}
{"message":"Connected on port 4000","level":"info","timestamp":"2021-05-20T19:35:22.965Z"}
{"message":"Connected to database","level":"info","timestamp":"2021-05-20T19:35:33.607Z"}
{"message":"Connected on port 4000","level":"info","timestamp":"2021-05-20T19:35:33.612Z"}
{"message":"Connected to database","level":"info","timestamp":"2021-05-20T20:33:00.209Z"}
{"message":"Connected on port 4000","level":"info","timestamp":"2021-05-20T20:33:00.213Z"}
{"message":"POST /hello/5 200 6.361 ms","level":"info","timestamp":"2021-05-20T20:33:04.561Z"}
{"message":"Connected to database","level":"info","timestamp":"2021-05-20T20:33:31.011Z"}
{"message":"Connected on port 4000","level":"info","timestamp":"2021-05-20T20:33:31.015Z"}
{"message":"POST /hello/5 200 6.043 ms","level":"info","timestamp":"2021-05-20T20:33:36.367Z"}
{"message":"Connected to database","level":"info","timestamp":"2021-05-20T20:33:56.373Z"}
{"message":"Connected on port 4000","level":"info","timestamp":"2021-05-20T20:33:56.377Z"}
{"message":"POST /hello/5 200 6.072 ms","level":"info","timestamp":"2021-05-20T20:33:57.661Z"}
{"message":"Connected to database","level":"info","timestamp":"2021-05-20T20:34:33.738Z"}
{"message":"Connected on port 4000","level":"info","timestamp":"2021-05-20T20:34:33.743Z"}
{"message":"Connected to database","level":"info","timestamp":"2021-05-20T20:34:56.445Z"}
{"message":"Connected on port 4000","level":"info","timestamp":"2021-05-20T20:34:56.449Z"}
{"message":"Connected to database","level":"info","timestamp":"2021-05-20T20:34:58.481Z"}
{"message":"Connected on port 4000","level":"info","timestamp":"2021-05-20T20:34:58.486Z"}
{"message":"Connected to database","level":"info","timestamp":"2021-05-20T20:35:23.726Z"}
{"message":"Connected on port 4000","level":"info","timestamp":"2021-05-20T20:35:23.730Z"}
{"message":"Connected to database","level":"info","timestamp":"2021-05-20T20:35:30.144Z"}
{"message":"Connected on port 4000","level":"info","timestamp":"2021-05-20T20:35:30.148Z"}
{"message":"Connected to database","level":"info","timestamp":"2021-05-20T20:43:16.897Z"}
{"message":"Connected on port 4000","level":"info","timestamp":"2021-05-20T20:43:16.902Z"}
{"message":"POST /hello/5 200 6.607 ms","level":"info","timestamp":"2021-05-20T20:45:09.268Z"}
{"message":"POST /hello/5 200 1.28 ms","level":"info","timestamp":"2021-05-20T20:45:09.997Z"}
{"message":"POST /hello/5 200 1.246 ms","level":"info","timestamp":"2021-05-20T20:45:10.388Z"}
{"message":"Connected to database","level":"info","timestamp":"2021-05-20T20:45:15.954Z"}
{"message":"Connected on port 4000","level":"info","timestamp":"2021-05-20T20:45:15.958Z"}
{"message":"POST /hello/5 200 6.407 ms","level":"info","timestamp":"2021-05-20T20:45:18.465Z"}
{"message":"POST /hello/5 200 1.487 ms","level":"info","timestamp":"2021-05-20T20:45:20.515Z"}
{"message":"Connected to database","level":"info","timestamp":"2021-05-20T20:45:29.174Z"}
{"message":"Connected on port 4000","level":"info","timestamp":"2021-05-20T20:45:29.178Z"}
{"message":"POST /hello/5 200 6.088 ms","level":"info","timestamp":"2021-05-20T20:45:31.042Z"}
{"message":"POST /hello/5 200 1.17 ms","level":"info","timestamp":"2021-05-20T20:45:31.560Z"}
{"message":"Connected to database","level":"info","timestamp":"2021-05-20T20:47:02.277Z"}
{"message":"Connected on port 4000","level":"info","timestamp":"2021-05-20T20:47:02.282Z"}
{"message":"Connected to database","level":"info","timestamp":"2021-05-20T20:47:37.616Z"}
{"message":"Connected on port 4000","level":"info","timestamp":"2021-05-20T20:47:37.621Z"}
{"message":"Connected to database","level":"info","timestamp":"2021-05-20T20:48:12.651Z"}
{"message":"Connected on port 4000","level":"info","timestamp":"2021-05-20T20:48:12.655Z"}
{"message":"Connected to database","level":"info","timestamp":"2021-05-20T20:53:25.365Z"}
{"message":"Connected on port 4000","level":"info","timestamp":"2021-05-20T20:53:25.369Z"}
{"message":"Connected to database","level":"info","timestamp":"2021-05-20T20:56:13.740Z"}
{"message":"Connected on port 4000","level":"info","timestamp":"2021-05-20T20:56:13.744Z"}
{"message":"POST /hello/5 200 6.011 ms","level":"info","timestamp":"2021-05-20T20:56:17.128Z"}
{"message":"POST /hello/5 200 1.296 ms","level":"info","timestamp":"2021-05-20T20:57:02.000Z"}
{"message":"POST /hello/5 200 2.5 ms","level":"info","timestamp":"2021-05-20T20:57:45.259Z"}
{"message":"POST /hello/5 200 2.545 ms","level":"info","timestamp":"2021-05-20T20:57:46.058Z"}
{"message":"POST /hello/5 200 2.773 ms","level":"info","timestamp":"2021-05-20T20:57:46.398Z"}
{"message":"POST /hello/5 200 2.005 ms","level":"info","timestamp":"2021-05-20T20:57:47.851Z"}
{"message":"Connected to database","level":"info","timestamp":"2021-05-20T20:58:09.742Z"}
{"message":"Connected on port 4000","level":"info","timestamp":"2021-05-20T20:58:09.746Z"}
{"message":"POST /hello/5 200 6.26 ms","level":"info","timestamp":"2021-05-20T20:58:11.379Z"}
{"message":"Connected to database","level":"info","timestamp":"2021-05-20T21:00:51.862Z"}
{"message":"Connected on port 4000","level":"info","timestamp":"2021-05-20T21:00:51.866Z"}
{"message":"Connected to database","level":"info","timestamp":"2021-05-20T21:01:14.871Z"}
{"message":"Connected on port 4000","level":"info","timestamp":"2021-05-20T21:01:14.875Z"}
{"message":"Connected to database","level":"info","timestamp":"2021-05-20T21:01:21.373Z"}
{"message":"Connected on port 4000","level":"info","timestamp":"2021-05-20T21:01:21.377Z"}
{"message":"Connected to database","level":"info","timestamp":"2021-05-20T21:01:31.685Z"}
{"message":"Connected on port 4000","level":"info","timestamp":"2021-05-20T21:01:31.689Z"}
{"message":"Connected to database","level":"info","timestamp":"2021-05-20T21:01:34.276Z"}
{"message":"Connected on port 4000","level":"info","timestamp":"2021-05-20T21:01:34.280Z"}
{"message":"POST /hello/5 200 6.168 ms","level":"info","timestamp":"2021-05-20T21:01:34.726Z"}
{"message":"Connected to database","level":"info","timestamp":"2021-05-20T21:03:53.196Z"}
{"message":"Connected on port 4000","level":"info","timestamp":"2021-05-20T21:03:53.200Z"}
{"message":"Connected to database","level":"info","timestamp":"2021-05-20T21:07:20.928Z"}
{"message":"Connected on port 4000","level":"info","timestamp":"2021-05-20T21:07:20.932Z"}
{"message":"Connected to database","level":"info","timestamp":"2021-05-20T22:43:43.416Z"}
{"message":"Connected on port 4000","level":"info","timestamp":"2021-05-20T22:43:43.420Z"}
{"message":"POST /hello/5 200 6.222 ms","level":"info","timestamp":"2021-05-20T22:43:46.249Z"}
{"message":"Connected to database","level":"info","timestamp":"2021-05-21T13:22:14.622Z"}
{"message":"Connected on port 4000","level":"info","timestamp":"2021-05-21T13:22:14.626Z"}
{"message":"Connected to database","level":"info","timestamp":"2021-05-22T21:32:08.029Z"}
{"message":"Connected on port 4000","level":"info","timestamp":"2021-05-22T21:32:08.034Z"}
{"message":"POST /hello/5 200 6.021 ms","level":"info","timestamp":"2021-05-22T21:34:04.229Z"}
{"message":"Connected to database","level":"info","timestamp":"2021-05-22T21:34:16.316Z"}
{"message":"Connected on port 4000","level":"info","timestamp":"2021-05-22T21:34:16.323Z"}
{"message":"Connected to database","level":"info","timestamp":"2021-05-22T21:34:19.767Z"}
{"message":"Connected on port 4000","level":"info","timestamp":"2021-05-22T21:34:19.771Z"}
{"message":"POST /hello/5 200 16.303 ms","level":"info","timestamp":"2021-05-22T21:34:23.025Z"}
{"message":"POST /hello/5 200 4.277 ms","level":"info","timestamp":"2021-05-22T21:36:59.936Z"}
{"message":"POST /hello/5 200 1.36 ms","level":"info","timestamp":"2021-05-22T21:37:40.776Z"}
{"message":"Connected to database","level":"info","timestamp":"2021-05-22T21:41:30.464Z"}
{"message":"Connected on port 4000","level":"info","timestamp":"2021-05-22T21:41:30.469Z"}
{"message":"Connected to database","level":"info","timestamp":"2021-05-22T21:49:02.315Z"}
{"message":"Connected on port 4000","level":"info","timestamp":"2021-05-22T21:49:02.319Z"}
{"message":"Connected to database","level":"info","timestamp":"2021-05-23T00:14:03.553Z"}
{"message":"Connected on port 4000","level":"info","timestamp":"2021-05-23T00:14:03.557Z"}
{"message":"Connected to database","level":"info","timestamp":"2021-05-23T17:34:37.227Z"}
{"message":"Connected on port 4000","level":"info","timestamp":"2021-05-23T17:34:37.231Z"}
{"message":"Connected to database","level":"info","timestamp":"2021-05-27T11:23:56.329Z"}
{"message":"Connected on port 4000","level":"info","timestamp":"2021-05-27T11:23:56.333Z"}
{"message":"POST /hello/5 200 12.425 ms","level":"info","timestamp":"2021-05-28T00:13:21.911Z"}
{"message":"Connected to database","level":"info","timestamp":"2021-05-28T00:17:21.131Z"}
{"message":"Connected on port 4000","level":"info","timestamp":"2021-05-28T00:17:21.136Z"}
{"message":"Connected to database","level":"info","timestamp":"2021-05-28T00:17:43.763Z"}
{"message":"Connected on port 4000","level":"info","timestamp":"2021-05-28T00:17:43.767Z"}
{"message":"Connected to database","level":"info","timestamp":"2021-05-28T00:17:50.960Z"}
{"message":"Connected on port 4000","level":"info","timestamp":"2021-05-28T00:17:50.964Z"}
{"message":"Connected to database","level":"info","timestamp":"2021-05-28T00:21:39.264Z"}
{"message":"Connected on port 4000","level":"info","timestamp":"2021-05-28T00:21:39.269Z"}
{"message":"Connected to database","level":"info","timestamp":"2021-05-28T00:21:51.537Z"}
{"message":"Connected on port 4000","level":"info","timestamp":"2021-05-28T00:21:51.541Z"}
{"message":"Connected to database","level":"info","timestamp":"2021-05-28T03:39:53.756Z"}
{"message":"Connected on port 4000","level":"info","timestamp":"2021-05-28T03:39:53.760Z"}
{"message":"Connected to database","level":"info","timestamp":"2021-05-28T03:40:11.103Z"}
{"message":"Connected on port 4000","level":"info","timestamp":"2021-05-28T03:40:11.107Z"}
{"message":"Connected to database","level":"info","timestamp":"2021-05-28T03:40:16.703Z"}
{"message":"Connected on port 4000","level":"info","timestamp":"2021-05-28T03:40:16.708Z"}
{"message":"Connected to database","level":"info","timestamp":"2021-05-28T03:40:27.896Z"}
{"message":"Connected on port 4000","level":"info","timestamp":"2021-05-28T03:40:27.900Z"}
{"message":"Connected to database","level":"info","timestamp":"2021-05-28T03:40:37.595Z"}
{"message":"Connected on port 4000","level":"info","timestamp":"2021-05-28T03:40:37.600Z"}
{"message":"Connected to database","level":"info","timestamp":"2021-05-28T03:51:26.322Z"}
{"message":"Connected on port 4000","level":"info","timestamp":"2021-05-28T03:51:26.327Z"}
{"message":"Connected to database","level":"info","timestamp":"2021-05-28T03:56:08.484Z"}
{"message":"Connected on port 4000","level":"info","timestamp":"2021-05-28T03:56:08.489Z"}
{"message":"Connected to database","level":"info","timestamp":"2021-05-28T04:01:49.414Z"}
{"message":"Connected on port 4000","level":"info","timestamp":"2021-05-28T04:01:49.418Z"}
{"message":"Connected to database","level":"info","timestamp":"2021-05-28T04:02:09.624Z"}
{"message":"Connected on port 4000","level":"info","timestamp":"2021-05-28T04:02:09.628Z"}
{"message":"Connected to database","level":"info","timestamp":"2021-05-28T04:02:40.151Z"}
{"message":"Connected on port 4000","level":"info","timestamp":"2021-05-28T04:02:40.155Z"}
{"message":"Connected to database","level":"info","timestamp":"2021-05-28T04:02:47.851Z"}
{"message":"Connected on port 4000","level":"info","timestamp":"2021-05-28T04:02:47.856Z"}
{"message":"Connected to database","level":"info","timestamp":"2021-05-28T04:03:27.772Z"}
{"message":"Connected on port 4000","level":"info","timestamp":"2021-05-28T04:03:27.777Z"}
{"message":"Connected to database","level":"info","timestamp":"2021-05-28T04:03:31.127Z"}
{"message":"Connected on port 4000","level":"info","timestamp":"2021-05-28T04:03:31.131Z"}
{"message":"Connected to database","level":"info","timestamp":"2021-05-28T04:03:43.315Z"}
{"message":"Connected on port 4000","level":"info","timestamp":"2021-05-28T04:03:43.320Z"}
{"message":"Connected to database","level":"info","timestamp":"2021-05-28T04:03:50.932Z"}
{"message":"Connected on port 4000","level":"info","timestamp":"2021-05-28T04:03:50.936Z"}
{"message":"Connected to database","level":"info","timestamp":"2021-05-28T04:04:01.841Z"}
{"message":"Connected on port 4000","level":"info","timestamp":"2021-05-28T04:04:01.845Z"}
{"message":"Connected to database","level":"info","timestamp":"2021-05-28T04:04:12.129Z"}
{"message":"Connected on port 4000","level":"info","timestamp":"2021-05-28T04:04:12.134Z"}
{"message":"OPTIONS /auth/register 200 7.158 ms","level":"info","timestamp":"2021-05-28T04:05:25.872Z"}
{"message":"Connected to database","level":"info","timestamp":"2021-05-28T04:07:29.352Z"}
{"message":"Connected on port 4000","level":"info","timestamp":"2021-05-28T04:07:29.356Z"}
{"message":"Connected to database","level":"info","timestamp":"2021-05-28T04:08:03.070Z"}
{"message":"Connected on port 4000","level":"info","timestamp":"2021-05-28T04:08:03.075Z"}
{"message":"Connected to database","level":"info","timestamp":"2021-05-28T04:09:31.566Z"}
{"message":"Connected on port 4000","level":"info","timestamp":"2021-05-28T04:09:31.570Z"}
{"message":"Connected to database","level":"info","timestamp":"2021-05-28T04:11:03.638Z"}
{"message":"Connected on port 4000","level":"info","timestamp":"2021-05-28T04:11:03.643Z"}
{"message":"Connected to database","level":"info","timestamp":"2021-05-28T04:11:59.774Z"}
{"message":"Connected on port 4000","level":"info","timestamp":"2021-05-28T04:11:59.778Z"}
{"message":"Connected to database","level":"info","timestamp":"2021-05-28T04:12:58.691Z"}
{"message":"Connected on port 4000","level":"info","timestamp":"2021-05-28T04:12:58.696Z"}
{"message":"POST /auth/register 200 0.829 ms","level":"info","timestamp":"2021-05-28T04:12:58.827Z"}
{"message":"POST /auth/register 200 0.306 ms","level":"info","timestamp":"2021-05-28T04:13:06.067Z"}
{"message":"Connected to database","level":"info","timestamp":"2021-05-28T04:13:26.513Z"}
{"message":"Connected on port 4000","level":"info","timestamp":"2021-05-28T04:13:26.518Z"}
{"message":"POST /auth/register 200 0.891 ms","level":"info","timestamp":"2021-05-28T04:13:29.563Z"}
{"message":"Connected to database","level":"info","timestamp":"2021-05-28T04:13:43.434Z"}
{"message":"Connected on port 4000","level":"info","timestamp":"2021-05-28T04:13:43.438Z"}
{"message":"Connected to database","level":"info","timestamp":"2021-05-28T04:14:00.068Z"}
{"message":"Connected on port 4000","level":"info","timestamp":"2021-05-28T04:14:00.072Z"}
{"message":"POST /auth/register 200 1.375 ms","level":"info","timestamp":"2021-05-28T04:14:00.385Z"}
{"message":"POST /auth/register 200 0.419 ms","level":"info","timestamp":"2021-05-28T04:14:07.007Z"}
{"message":"POST /auth/register 200 0.323 ms","level":"info","timestamp":"2021-05-28T04:14:30.956Z"}
{"message":"POST /auth/register 200 0.416 ms","level":"info","timestamp":"2021-05-28T04:14:31.431Z"}
{"message":"POST /auth/register 200 0.34 ms","level":"info","timestamp":"2021-05-28T04:14:31.793Z"}
{"message":"POST /auth/register 200 0.338 ms","level":"info","timestamp":"2021-05-28T04:14:31.998Z"}
{"message":"Connected to database","level":"info","timestamp":"2021-05-28T04:14:42.318Z"}
{"message":"Connected on port 4000","level":"info","timestamp":"2021-05-28T04:14:42.323Z"}
{"message":"Connected to database","level":"info","timestamp":"2021-05-28T04:14:49.127Z"}
{"message":"Connected on port 4000","level":"info","timestamp":"2021-05-28T04:14:49.132Z"}
{"message":"Connected to database","level":"info","timestamp":"2021-05-28T04:15:06.807Z"}
{"message":"Connected on port 4000","level":"info","timestamp":"2021-05-28T04:15:06.812Z"}
{"message":"Connected to database","level":"info","timestamp":"2021-05-28T04:15:17.344Z"}
{"message":"Connected on port 4000","level":"info","timestamp":"2021-05-28T04:15:17.348Z"}
{"message":"POST /auth/register 200 1.376 ms","level":"info","timestamp":"2021-05-28T04:15:21.254Z"}
{"message":"POST /auth/register 200 0.455 ms","level":"info","timestamp":"2021-05-28T04:15:21.845Z"}
{"message":"POST /auth/register 200 0.316 ms","level":"info","timestamp":"2021-05-28T04:15:22.188Z"}
{"message":"POST /auth/register 200 0.287 ms","level":"info","timestamp":"2021-05-28T04:15:22.374Z"}
{"message":"POST /auth/register 200 0.304 ms","level":"info","timestamp":"2021-05-28T04:15:22.565Z"}
{"message":"POST /auth/register 200 0.308 ms","level":"info","timestamp":"2021-05-28T04:15:22.741Z"}
{"message":"POST /auth/register 200 0.381 ms","level":"info","timestamp":"2021-05-28T04:15:23.069Z"}
{"message":"POST /auth/register 200 0.434 ms","level":"info","timestamp":"2021-05-28T04:15:23.260Z"}
{"message":"Connected to database","level":"info","timestamp":"2021-05-28T04:15:33.956Z"}
{"message":"Connected on port 4000","level":"info","timestamp":"2021-05-28T04:15:33.960Z"}
{"message":"Connected to database","level":"info","timestamp":"2021-05-28T04:16:16.758Z"}
{"message":"Connected on port 4000","level":"info","timestamp":"2021-05-28T04:16:16.762Z"}
{"message":"Connected to database","level":"info","timestamp":"2021-05-28T04:17:42.427Z"}
{"message":"Connected on port 4000","level":"info","timestamp":"2021-05-28T04:17:42.431Z"}
{"message":"Connected to database","level":"info","timestamp":"2021-05-28T04:17:58.985Z"}
{"message":"Connected on port 4000","level":"info","timestamp":"2021-05-28T04:17:58.990Z"}
{"message":"Connected to database","level":"info","timestamp":"2021-05-28T04:18:09.537Z"}
{"message":"Connected on port 4000","level":"info","timestamp":"2021-05-28T04:18:09.541Z"}
{"message":"Connected to database","level":"info","timestamp":"2021-05-28T04:18:34.525Z"}
{"message":"Connected on port 4000","level":"info","timestamp":"2021-05-28T04:18:34.530Z"}
{"message":"Connected to database","level":"info","timestamp":"2021-05-28T04:19:18.750Z"}
{"message":"Connected on port 4000","level":"info","timestamp":"2021-05-28T04:19:18.754Z"}
{"message":"Connected to database","level":"info","timestamp":"2021-05-28T04:20:48.739Z"}
{"message":"Connected on port 4000","level":"info","timestamp":"2021-05-28T04:20:48.743Z"}
{"message":"Connected to database","level":"info","timestamp":"2021-05-28T04:20:54.097Z"}
{"message":"Connected on port 4000","level":"info","timestamp":"2021-05-28T04:20:54.101Z"}
{"message":"Connected to database","level":"info","timestamp":"2021-05-28T04:20:56.378Z"}
{"message":"Connected on port 4000","level":"info","timestamp":"2021-05-28T04:20:56.382Z"}
{"message":"Connected to database","level":"info","timestamp":"2021-05-28T04:21:07.469Z"}
{"message":"Connected on port 4000","level":"info","timestamp":"2021-05-28T04:21:07.473Z"}
{"message":"Connected to database","level":"info","timestamp":"2021-05-28T04:21:15.104Z"}
{"message":"Connected on port 4000","level":"info","timestamp":"2021-05-28T04:21:15.108Z"}
{"message":"Connected to database","level":"info","timestamp":"2021-05-28T04:21:20.272Z"}
{"message":"Connected on port 4000","level":"info","timestamp":"2021-05-28T04:21:20.276Z"}
{"message":"Connected to database","level":"info","timestamp":"2021-05-28T04:21:39.786Z"}
{"message":"Connected on port 4000","level":"info","timestamp":"2021-05-28T04:21:39.791Z"}
{"message":"Connected to database","level":"info","timestamp":"2021-05-28T04:21:46.341Z"}
{"message":"Connected on port 4000","level":"info","timestamp":"2021-05-28T04:21:46.345Z"}
{"message":"Connected to database","level":"info","timestamp":"2021-05-28T04:28:14.976Z"}
{"message":"Connected on port 4000","level":"info","timestamp":"2021-05-28T04:28:14.980Z"}
{"message":"Connected to database","level":"info","timestamp":"2021-05-28T04:37:41.908Z"}
{"message":"Connected on port 4000","level":"info","timestamp":"2021-05-28T04:37:41.912Z"}
{"message":"Connected to database","level":"info","timestamp":"2021-05-28T04:41:21.817Z"}
{"message":"Connected on port 4000","level":"info","timestamp":"2021-05-28T04:41:21.822Z"}
{"message":"Connected to database","level":"info","timestamp":"2021-05-28T04:42:15.773Z"}
{"message":"Connected on port 4000","level":"info","timestamp":"2021-05-28T04:42:15.778Z"}
{"message":"Connected to database","level":"info","timestamp":"2021-05-28T04:43:23.437Z"}
{"message":"Connected on port 4000","level":"info","timestamp":"2021-05-28T04:43:23.442Z"}
{"message":"Connected to database","level":"info","timestamp":"2021-05-28T05:11:47.311Z"}
{"message":"Connected on port 4000","level":"info","timestamp":"2021-05-28T05:11:47.316Z"}
{"message":"Connected to database","level":"info","timestamp":"2021-05-28T05:12:48.634Z"}
{"message":"Connected on port 4000","level":"info","timestamp":"2021-05-28T05:12:48.638Z"}
{"message":"Connected to database","level":"info","timestamp":"2021-05-28T05:13:04.526Z"}
{"message":"Connected on port 4000","level":"info","timestamp":"2021-05-28T05:13:04.530Z"}
{"message":"Connected to database","level":"info","timestamp":"2021-05-28T05:24:46.930Z"}
{"message":"Connected on port 4000","level":"info","timestamp":"2021-05-28T05:24:46.934Z"}
{"message":"Connected to database","level":"info","timestamp":"2021-05-28T05:25:06.297Z"}
{"message":"Connected on port 4000","level":"info","timestamp":"2021-05-28T05:25:06.302Z"}
{"message":"Connected to database","level":"info","timestamp":"2021-05-28T05:25:22.399Z"}
{"message":"Connected on port 4000","level":"info","timestamp":"2021-05-28T05:25:22.403Z"}
{"message":"Connected to database","level":"info","timestamp":"2021-05-28T05:25:38.628Z"}
{"message":"Connected on port 4000","level":"info","timestamp":"2021-05-28T05:25:38.632Z"}
{"message":"Connected to database","level":"info","timestamp":"2021-05-28T05:25:48.065Z"}
{"message":"Connected on port 4000","level":"info","timestamp":"2021-05-28T05:25:48.070Z"}
{"message":"Connected to database","level":"info","timestamp":"2021-05-28T05:26:46.055Z"}
{"message":"Connected on port 4000","level":"info","timestamp":"2021-05-28T05:26:46.060Z"}
{"message":"Connected to database","level":"info","timestamp":"2021-05-28T05:27:23.450Z"}
{"message":"Connected on port 4000","level":"info","timestamp":"2021-05-28T05:27:23.455Z"}
{"message":"Connected to database","level":"info","timestamp":"2021-05-28T05:27:28.216Z"}
{"message":"Connected on port 4000","level":"info","timestamp":"2021-05-28T05:27:28.220Z"}
{"message":"Connected to database","level":"info","timestamp":"2021-05-28T05:28:08.714Z"}
{"message":"Connected on port 4000","level":"info","timestamp":"2021-05-28T05:28:08.719Z"}
{"message":"Connected to database","level":"info","timestamp":"2021-05-28T05:28:33.293Z"}
{"message":"Connected on port 4000","level":"info","timestamp":"2021-05-28T05:28:33.297Z"}
{"message":"Connected to database","level":"info","timestamp":"2021-05-28T05:29:19.477Z"}
{"message":"Connected on port 4000","level":"info","timestamp":"2021-05-28T05:29:19.481Z"}
{"message":"Connected to database","level":"info","timestamp":"2021-05-28T05:29:36.798Z"}
{"message":"Connected on port 4000","level":"info","timestamp":"2021-05-28T05:29:36.802Z"}
{"message":"Connected to database","level":"info","timestamp":"2021-05-28T05:29:45.830Z"}
{"message":"Connected on port 4000","level":"info","timestamp":"2021-05-28T05:29:45.835Z"}
{"message":"Connected to database","level":"info","timestamp":"2021-05-28T05:30:59.772Z"}
{"message":"Connected on port 4000","level":"info","timestamp":"2021-05-28T05:30:59.777Z"}
{"message":"Connected to database","level":"info","timestamp":"2021-05-28T05:31:46.016Z"}
{"message":"Connected on port 4000","level":"info","timestamp":"2021-05-28T05:31:46.020Z"}
{"message":"Connected to database","level":"info","timestamp":"2021-05-28T05:31:54.212Z"}
{"message":"Connected on port 4000","level":"info","timestamp":"2021-05-28T05:31:54.217Z"}
{"message":"Connected to database","level":"info","timestamp":"2021-05-28T05:32:28.935Z"}
{"message":"Connected on port 4000","level":"info","timestamp":"2021-05-28T05:32:28.939Z"}
{"message":"Connected to database","level":"info","timestamp":"2021-05-28T05:34:20.625Z"}
{"message":"Connected on port 4000","level":"info","timestamp":"2021-05-28T05:34:20.630Z"}
{"message":"Connected to database","level":"info","timestamp":"2021-05-28T05:34:36.829Z"}
{"message":"Connected on port 4000","level":"info","timestamp":"2021-05-28T05:34:36.833Z"}
{"message":"Connected to database","level":"info","timestamp":"2021-05-28T05:34:46.705Z"}
{"message":"Connected on port 4000","level":"info","timestamp":"2021-05-28T05:34:46.709Z"}
{"message":"Connected to database","level":"info","timestamp":"2021-05-28T05:34:59.880Z"}
{"message":"Connected on port 4000","level":"info","timestamp":"2021-05-28T05:34:59.884Z"}
{"message":"Connected to database","level":"info","timestamp":"2021-05-28T05:35:25.957Z"}
{"message":"Connected on port 4000","level":"info","timestamp":"2021-05-28T05:35:25.962Z"}
{"message":"Connected to database","level":"info","timestamp":"2021-05-28T05:35:32.817Z"}
{"message":"Connected on port 4000","level":"info","timestamp":"2021-05-28T05:35:32.822Z"}
{"message":"Connected to database","level":"info","timestamp":"2021-05-28T05:37:16.101Z"}
{"message":"Connected on port 4000","level":"info","timestamp":"2021-05-28T05:37:16.105Z"}
{"message":"Connected to database","level":"info","timestamp":"2021-05-28T05:47:52.651Z"}
{"message":"Connected on port 4000","level":"info","timestamp":"2021-05-28T05:47:52.655Z"}
{"message":"Connected to database","level":"info","timestamp":"2021-05-28T06:12:39.116Z"}
{"message":"Connected on port 4000","level":"info","timestamp":"2021-05-28T06:12:39.120Z"}
{"message":"Connected to database","level":"info","timestamp":"2021-05-28T06:15:04.536Z"}
{"message":"Connected on port 4000","level":"info","timestamp":"2021-05-28T06:15:04.540Z"}
{"message":"Connected to database","level":"info","timestamp":"2021-05-28T06:15:12.666Z"}
{"message":"Connected on port 4000","level":"info","timestamp":"2021-05-28T06:15:12.671Z"}
{"message":"Connected to database","level":"info","timestamp":"2021-05-28T06:16:33.303Z"}
{"message":"Connected on port 4000","level":"info","timestamp":"2021-05-28T06:16:33.307Z"}
{"message":"Connected to database","level":"info","timestamp":"2021-05-28T06:16:58.244Z"}
{"message":"Connected on port 4000","level":"info","timestamp":"2021-05-28T06:16:58.249Z"}
{"message":"Connected to database","level":"info","timestamp":"2021-05-28T06:17:05.747Z"}
{"message":"Connected on port 4000","level":"info","timestamp":"2021-05-28T06:17:05.751Z"}
{"message":"Connected to database","level":"info","timestamp":"2021-05-28T06:17:09.431Z"}
{"message":"Connected on port 4000","level":"info","timestamp":"2021-05-28T06:17:09.436Z"}
{"message":"Connected to database","level":"info","timestamp":"2021-05-28T06:17:32.385Z"}
{"message":"Connected on port 4000","level":"info","timestamp":"2021-05-28T06:17:32.389Z"}
{"message":"Connected to database","level":"info","timestamp":"2021-05-28T06:17:35.155Z"}
{"message":"Connected on port 4000","level":"info","timestamp":"2021-05-28T06:17:35.159Z"}
{"message":"Connected to database","level":"info","timestamp":"2021-05-28T06:19:41.421Z"}
{"message":"Connected on port 4000","level":"info","timestamp":"2021-05-28T06:19:41.425Z"}
{"message":"Connected to database","level":"info","timestamp":"2021-05-28T06:23:13.412Z"}
{"message":"Connected on port 4000","level":"info","timestamp":"2021-05-28T06:23:13.417Z"}
{"message":"Connected to database","level":"info","timestamp":"2021-05-28T06:23:16.778Z"}
{"message":"Connected on port 4000","level":"info","timestamp":"2021-05-28T06:23:16.782Z"}
{"message":"Connected to database","level":"info","timestamp":"2021-05-28T06:23:39.084Z"}
{"message":"Connected on port 4000","level":"info","timestamp":"2021-05-28T06:23:39.089Z"}
{"message":"Connected to database","level":"info","timestamp":"2021-05-28T06:23:43.542Z"}
{"message":"Connected on port 4000","level":"info","timestamp":"2021-05-28T06:23:43.546Z"}
{"message":"Connected to database","level":"info","timestamp":"2021-05-28T06:23:46.443Z"}
{"message":"Connected on port 4000","level":"info","timestamp":"2021-05-28T06:23:46.448Z"}
{"message":"Connected to database","level":"info","timestamp":"2021-05-28T06:24:01.212Z"}
{"message":"Connected on port 4000","level":"info","timestamp":"2021-05-28T06:24:01.216Z"}
{"message":"Connected to database","level":"info","timestamp":"2021-05-28T06:24:03.926Z"}
{"message":"Connected on port 4000","level":"info","timestamp":"2021-05-28T06:24:03.931Z"}
{"message":"Connected to database","level":"info","timestamp":"2021-05-28T06:24:06.443Z"}
{"message":"Connected on port 4000","level":"info","timestamp":"2021-05-28T06:24:06.448Z"}
{"message":"Connected to database","level":"info","timestamp":"2021-05-28T06:24:11.784Z"}
{"message":"Connected on port 4000","level":"info","timestamp":"2021-05-28T06:24:11.789Z"}
{"message":"Connected to database","level":"info","timestamp":"2021-05-28T06:25:55.305Z"}
{"message":"Connected on port 4000","level":"info","timestamp":"2021-05-28T06:25:55.309Z"}
{"message":"Connected to database","level":"info","timestamp":"2021-05-28T06:27:21.083Z"}
{"message":"Connected on port 4000","level":"info","timestamp":"2021-05-28T06:27:21.088Z"}
{"message":"Connected to database","level":"info","timestamp":"2021-05-28T06:36:31.646Z"}
{"message":"Connected on port 4000","level":"info","timestamp":"2021-05-28T06:36:31.651Z"}
{"message":"Connected to database","level":"info","timestamp":"2021-05-28T06:38:41.209Z"}
{"message":"Connected on port 4000","level":"info","timestamp":"2021-05-28T06:38:41.214Z"}
{"message":"Connected to database","level":"info","timestamp":"2021-05-28T06:51:12.437Z"}
{"message":"Connected on port 4000","level":"info","timestamp":"2021-05-28T06:51:12.441Z"}
{"message":"Connected to database","level":"info","timestamp":"2021-05-28T06:51:27.254Z"}
{"message":"Connected on port 4000","level":"info","timestamp":"2021-05-28T06:51:27.259Z"}
{"message":"Connected to database","level":"info","timestamp":"2021-05-28T06:51:46.571Z"}
{"message":"Connected on port 4000","level":"info","timestamp":"2021-05-28T06:51:46.576Z"}
{"message":"Connected to database","level":"info","timestamp":"2021-05-28T06:51:54.870Z"}
{"message":"Connected on port 4000","level":"info","timestamp":"2021-05-28T06:51:54.874Z"}
{"message":"Connected to database","level":"info","timestamp":"2021-05-28T06:54:33.562Z"}
{"message":"Connected on port 4000","level":"info","timestamp":"2021-05-28T06:54:33.566Z"}
{"message":"Connected to database","level":"info","timestamp":"2021-05-28T06:54:45.065Z"}
{"message":"Connected on port 4000","level":"info","timestamp":"2021-05-28T06:54:45.070Z"}
{"message":"Connected to database","level":"info","timestamp":"2021-05-28T06:54:48.659Z"}
{"message":"Connected on port 4000","level":"info","timestamp":"2021-05-28T06:54:48.663Z"}
{"message":"Connected to database","level":"info","timestamp":"2021-05-28T06:55:16.788Z"}
{"message":"Connected on port 4000","level":"info","timestamp":"2021-05-28T06:55:16.792Z"}
{"message":"Connected to database","level":"info","timestamp":"2021-05-28T06:56:00.029Z"}
{"message":"Connected on port 4000","level":"info","timestamp":"2021-05-28T06:56:00.033Z"}
{"message":"Connected to database","level":"info","timestamp":"2021-05-28T06:56:26.516Z"}
{"message":"Connected on port 4000","level":"info","timestamp":"2021-05-28T06:56:26.520Z"}
{"message":"Connected to database","level":"info","timestamp":"2021-05-28T06:59:30.285Z"}
{"message":"Connected on port 4000","level":"info","timestamp":"2021-05-28T06:59:30.290Z"}
{"message":"Connected to database","level":"info","timestamp":"2021-05-28T06:59:53.018Z"}
{"message":"Connected on port 4000","level":"info","timestamp":"2021-05-28T06:59:53.022Z"}
{"message":"Connected to database","level":"info","timestamp":"2021-05-28T06:59:56.777Z"}
{"message":"Connected on port 4000","level":"info","timestamp":"2021-05-28T06:59:56.782Z"}
{"message":"Connected to database","level":"info","timestamp":"2021-05-28T07:00:01.200Z"}
{"message":"Connected on port 4000","level":"info","timestamp":"2021-05-28T07:00:01.204Z"}
{"message":"Connected to database","level":"info","timestamp":"2021-05-28T07:10:04.564Z"}
{"message":"Connected on port 4000","level":"info","timestamp":"2021-05-28T07:10:04.568Z"}
{"message":"Connected to database","level":"info","timestamp":"2021-05-28T07:12:26.782Z"}
{"message":"Connected on port 4000","level":"info","timestamp":"2021-05-28T07:12:26.786Z"}
{"message":"Connected to database","level":"info","timestamp":"2021-05-28T07:12:45.868Z"}
{"message":"Connected on port 4000","level":"info","timestamp":"2021-05-28T07:12:45.872Z"}
{"message":"Connected to database","level":"info","timestamp":"2021-05-28T07:12:53.502Z"}
{"message":"Connected on port 4000","level":"info","timestamp":"2021-05-28T07:12:53.506Z"}
{"message":"Connected to database","level":"info","timestamp":"2021-05-28T07:13:22.593Z"}
{"message":"Connected on port 4000","level":"info","timestamp":"2021-05-28T07:13:22.597Z"}
{"message":"Connected to database","level":"info","timestamp":"2021-05-28T07:13:32.545Z"}
{"message":"Connected on port 4000","level":"info","timestamp":"2021-05-28T07:13:32.550Z"}
{"message":"Connected to database","level":"info","timestamp":"2021-05-28T07:13:46.388Z"}
{"message":"Connected on port 4000","level":"info","timestamp":"2021-05-28T07:13:46.393Z"}
{"message":"Connected to database","level":"info","timestamp":"2021-05-28T07:13:51.010Z"}
{"message":"Connected on port 4000","level":"info","timestamp":"2021-05-28T07:13:51.015Z"}
{"message":"Connected to database","level":"info","timestamp":"2021-05-28T07:13:55.586Z"}
{"message":"Connected on port 4000","level":"info","timestamp":"2021-05-28T07:13:55.590Z"}
{"message":"Connected to database","level":"info","timestamp":"2021-05-28T07:13:59.785Z"}
{"message":"Connected on port 4000","level":"info","timestamp":"2021-05-28T07:13:59.790Z"}
{"message":"Connected to database","level":"info","timestamp":"2021-05-28T07:49:13.043Z"}
{"message":"Connected on port 4000","level":"info","timestamp":"2021-05-28T07:49:13.048Z"}
{"message":"Connected to database","level":"info","timestamp":"2021-05-28T07:49:18.477Z"}
{"message":"Connected on port 4000","level":"info","timestamp":"2021-05-28T07:49:18.482Z"}
{"message":"Connected to database","level":"info","timestamp":"2021-05-28T07:50:02.982Z"}
{"message":"Connected on port 4000","level":"info","timestamp":"2021-05-28T07:50:02.986Z"}
{"message":"Connected to database","level":"info","timestamp":"2021-05-28T07:50:12.614Z"}
{"message":"Connected on port 4000","level":"info","timestamp":"2021-05-28T07:50:12.619Z"}
{"message":"Connected to database","level":"info","timestamp":"2021-05-28T07:50:15.881Z"}
{"message":"Connected on port 4000","level":"info","timestamp":"2021-05-28T07:50:15.886Z"}
